16:58:13.255 | DEBUG | virtual_serial.py: Read: b'\xdd\xa5\x03\x00\xff\xfdw'
16:58:13.257 | DEBUG | interface.py: Sending b'\xdd\xa5\x03\x00\xff\xfdw'
16:58:13.487 | DEBUG | interface.py: Received notify: b"\xdd\x03\x00\x1b\x118\x00b\x00\xa4\x04\xb0\x00\x00'n\x02\x82\x00\x00"
16:58:13.487 | DEBUG | virtual_serial.py: Write: b"\xdd\x03\x00\x1b\x118\x00b\x00\xa4\x04\xb0\x00\x00'n\x02\x82\x00\x00"
16:58:13.487 | DEBUG | interface.py: Received notify: b'\x00\x00!\x0e\x03\x0b\x02\x0b"\x0b\x10\xfcBw'
16:58:13.487 | DEBUG | virtual_serial.py: Write: b'\x00\x00!\x0e\x03\x0b\x02\x0b"\x0b\x10\xfcBw'
16:58:13.506 | DEBUG | virtual_serial.py: Read: b'\xdd\xa5\x04\x00\xff\xfcw'
16:58:13.507 | DEBUG | interface.py: Sending b'\xdd\xa5\x04\x00\xff\xfcw'
16:58:13.585 | DEBUG | interface.py: Received notify: b'\xdd\x04\x00\x16\x0f\xa7\x0f\xa5\x0f\xa1\x0f\x98\x0f\x9e\x0f\xa0\x0f\xb1\x0f\xbb'
16:58:13.585 | DEBUG | virtual_serial.py: Write: b'\xdd\x04\x00\x16\x0f\xa7\x0f\xa5\x0f\xa1\x0f\x98\x0f\x9e\x0f\xa0\x0f\xb1\x0f\xbb'
16:58:13.585 | DEBUG | interface.py: Received notify: b'\x0f\xb1\x0f\xa6\x0f\xa7\xf8\x18w'
16:58:13.585 | DEBUG | virtual_serial.py: Write: b'\x0f\xb1\x0f\xa6\x0f\xa7\xf8\x18w'
16:58:13.614 | DEBUG | virtual_serial.py: Read: b'\xdd\xa5\x05\x00\xff\xfbw'
16:58:13.614 | DEBUG | interface.py: Sending b'\xdd\xa5\x05\x00\xff\xfbw'
16:58:13.685 | DEBUG | interface.py: Received notify: b'\xdd\x05\x00\x11SP15S001-P13S-30'
16:58:13.685 | DEBUG | virtual_serial.py: Write: b'\xdd\x05\x00\x11SP15S001-P13S-30'
16:58:13.734 | DEBUG | interface.py: Received notify: b'A\xfb\xfdw'
16:58:13.734 | DEBUG | virtual_serial.py: Write: b'A\xfb\xfdw'
16:58:14.271 | DEBUG | virtual_serial.py: Read: b'\xdd\xa5\x03\x00\xff\xfdw'
16:58:14.271 | DEBUG | interface.py: Sending b'\xdd\xa5\x03\x00\xff\xfdw'
16:58:14.383 | DEBUG | interface.py: Received notify: b"\xdd\x03\x00\x1b\x117\x00b\x00\xa4\x04\xb0\x00\x00'n\x02\x82\x00\x00"
16:58:14.383 | DEBUG | virtual_serial.py: Write: b"\xdd\x03\x00\x1b\x117\x00b\x00\xa4\x04\xb0\x00\x00'n\x02\x82\x00\x00"
16:58:14.386 | DEBUG | interface.py: Received notify: b'\x00\x00!\x0e\x03\x0b\x02\x0b"\x0b\x10\xfcCw'
16:58:14.386 | DEBUG | virtual_serial.py: Write: b'\x00\x00!\x0e\x03\x0b\x02\x0b"\x0b\x10\xfcCw'
16:58:14.426 | DEBUG | virtual_serial.py: Read: b'\xdd\xa5\x04\x00\xff\xfcw'
16:58:14.426 | DEBUG | interface.py: Sending b'\xdd\xa5\x04\x00\xff\xfcw'
16:58:14.483 | DEBUG | interface.py: Received notify: b'\xdd\x04\x00\x16\x0f\xa7\x0f\xa5\x0f\xa1\x0f\x98\x0f\x9e\x0f\xa0\x0f\xb1\x0f\xbb'
16:58:14.483 | DEBUG | virtual_serial.py: Write: b'\xdd\x04\x00\x16\x0f\xa7\x0f\xa5\x0f\xa1\x0f\x98\x0f\x9e\x0f\xa0\x0f\xb1\x0f\xbb'
16:58:14.484 | DEBUG | interface.py: Received notify: b'\x0f\xb1\x0f\xa6\x0f\xa7\xf8\x18w'
16:58:14.484 | DEBUG | virtual_serial.py: Write: b'\x0f\xb1\x0f\xa6\x0f\xa7\xf8\x18w'
16:58:14.506 | DEBUG | virtual_serial.py: Read: b'\xdd\xa5\x05\x00\xff\xfbw'
16:58:14.506 | DEBUG | interface.py: Sending b'\xdd\xa5\x05\x00\xff\xfbw'
16:58:14.585 | DEBUG | interface.py: Received notify: b'\xdd\x05\x00\x11SP15S001-P13S-30'
16:58:14.585 | DEBUG | virtual_serial.py: Write: b'\xdd\x05\x00\x11SP15S001-P13S-30'
16:58:14.634 | DEBUG | interface.py: Received notify: b'A\xfb\xfdw'
16:58:14.634 | DEBUG | virtual_serial.py: Write: b'A\xfb\xfdw'
16:58:15.274 | DEBUG | virtual_serial.py: Read: b'\xdd\xa5\x03\x00\xff\xfdw'
16:58:15.274 | DEBUG | interface.py: Sending b'\xdd\xa5\x03\x00\xff\xfdw'
16:58:15.383 | DEBUG | interface.py: Received notify: b"\xdd\x03\x00\x1b\x117\x00g\x00\xa4\x04\xb0\x00\x00'n\x02\x82\x00\x00"
16:58:15.383 | DEBUG | virtual_serial.py: Write: b"\xdd\x03\x00\x1b\x117\x00g\x00\xa4\x04\xb0\x00\x00'n\x02\x82\x00\x00"
16:58:15.388 | DEBUG | interface.py: Received notify: b'\x00\x00!\x0e\x03\x0b\x02\x0b"\x0b\x10\xfc>w'
16:58:15.388 | DEBUG | virtual_serial.py: Write: b'\x00\x00!\x0e\x03\x0b\x02\x0b"\x0b\x10\xfc>w'
16:58:15.412 | DEBUG | virtual_serial.py: Read: b'\xdd\xa5\x04\x00\xff\xfcw'
16:58:15.415 | DEBUG | interface.py: Sending b'\xdd\xa5\x04\x00\xff\xfcw'
16:58:15.484 | DEBUG | interface.py: Received notify: b'\xdd\x04\x00\x16\x0f\xa7\x0f\xa5\x0f\xa1\x0f\x98\x0f\x9e\x0f\xa0\x0f\xb1\x0f\xbb'
16:58:15.484 | DEBUG | virtual_serial.py: Write: b'\xdd\x04\x00\x16\x0f\xa7\x0f\xa5\x0f\xa1\x0f\x98\x0f\x9e\x0f\xa0\x0f\xb1\x0f\xbb'
16:58:15.533 | DEBUG | interface.py: Received notify: b'\x0f\xb1\x0f\xa6\x0f\xa7\xf8\x18w'
16:58:15.533 | DEBUG | virtual_serial.py: Write: b'\x0f\xb1\x0f\xa6\x0f\xa7\xf8\x18w'
16:58:15.552 | DEBUG | virtual_serial.py: Read: b'\xdd\xa5\x05\x00\xff\xfbw'
16:58:15.552 | DEBUG | interface.py: Sending b'\xdd\xa5\x05\x00\xff\xfbw'
16:58:15.684 | DEBUG | interface.py: Received notify: b'\xdd\x05\x00\x11SP15S001-P13S-30'
16:58:15.684 | DEBUG | virtual_serial.py: Write: b'\xdd\x05\x00\x11SP15S001-P13S-30'
16:58:15.735 | DEBUG | interface.py: Received notify: b'A\xfb\xfdw'
16:58:15.735 | DEBUG | virtual_serial.py: Write: b'A\xfb\xfdw'
16:58:16.270 | DEBUG | virtual_serial.py: Read: b'\xdd\xa5\x03\x00\xff\xfdw'
16:58:16.275 | DEBUG | interface.py: Sending b'\xdd\xa5\x03\x00\xff\xfdw'
16:58:16.384 | DEBUG | interface.py: Received notify: b"\xdd\x03\x00\x1b\x118\x00b\x00\xa4\x04\xb0\x00\x00'n\x02\x82\x00\x00"
16:58:16.384 | DEBUG | virtual_serial.py: Write: b"\xdd\x03\x00\x1b\x118\x00b\x00\xa4\x04\xb0\x00\x00'n\x02\x82\x00\x00"
16:58:16.434 | DEBUG | interface.py: Received notify: b'\x00\x00!\x0e\x03\x0b\x02\x0b"\x0b\x10\xfcBw'
16:58:16.434 | DEBUG | virtual_serial.py: Write: b'\x00\x00!\x0e\x03\x0b\x02\x0b"\x0b\x10\xfcBw'
16:58:16.459 | DEBUG | virtual_serial.py: Read: b'\xdd\xa5\x04\x00\xff\xfcw'
16:58:16.459 | DEBUG | interface.py: Sending b'\xdd\xa5\x04\x00\xff\xfcw'
16:58:16.535 | DEBUG | interface.py: Received notify: b'\xdd\x04\x00\x16\x0f\xa7\x0f\xa5\x0f\xa1\x0f\x98\x0f\x9f\x0f\xa1\x0f\xb2\x0f\xbb'
16:58:16.535 | DEBUG | virtual_serial.py: Write: b'\xdd\x04\x00\x16\x0f\xa7\x0f\xa5\x0f\xa1\x0f\x98\x0f\x9f\x0f\xa1\x0f\xb2\x0f\xbb'
16:58:16.535 | DEBUG | interface.py: Received notify: b'\x0f\xb1\x0f\xa7\x0f\xa7\xf8\x14w'
16:58:16.535 | DEBUG | virtual_serial.py: Write: b'\x0f\xb1\x0f\xa7\x0f\xa7\xf8\x14w'
16:58:16.549 | DEBUG | virtual_serial.py: Read: b'\xdd\xa5\x05\x00\xff\xfbw'
16:58:16.549 | DEBUG | interface.py: Sending b'\xdd\xa5\x05\x00\xff\xfbw'
16:58:16.684 | DEBUG | interface.py: Received notify: b'\xdd\x05\x00\x11SP15S001-P13S-30'
16:58:16.684 | DEBUG | virtual_serial.py: Write: b'\xdd\x05\x00\x11SP15S001-P13S-30'
16:58:16.736 | DEBUG | interface.py: Received notify: b'A\xfb\xfdw'
16:58:16.736 | DEBUG | virtual_serial.py: Write: b'A\xfb\xfdw'
 
